2024-08-29 09:06:44,326 Worker rq:worker:113230d0155f4e2faae8958ccc6a368a started with PID 8784, version 1.16.2
2024-08-29 09:06:44,326 Subscribing to channel rq:pubsub:113230d0155f4e2faae8958ccc6a368a
2024-08-29 09:06:44,327 *** Listening on home-meghabothe-python-frappe-frappe-bench:short, home-meghabothe-python-frappe-frappe-bench:default, home-meghabothe-python-frappe-frappe-bench:long...
2024-08-29 09:06:44,327 Cleaning registries for queue: home-meghabothe-python-frappe-frappe-bench:short
2024-08-29 09:06:44,328 Cleaning registries for queue: home-meghabothe-python-frappe-frappe-bench:default
2024-08-29 09:06:44,329 Cleaning registries for queue: home-meghabothe-python-frappe-frappe-bench:long
2024-08-29 09:19:18,775 Worker 113230d0155f4e2faae8958ccc6a368a [PID 8784]: warm shut down requested
2024-08-29 09:19:18,777 Unsubscribing from channel rq:pubsub:113230d0155f4e2faae8958ccc6a368a
2024-08-29 09:19:24,713 Worker rq:worker:b7769f07d87b4a768d6e1cd1be866f43 started with PID 9555, version 1.16.2
2024-08-29 09:19:24,713 Subscribing to channel rq:pubsub:b7769f07d87b4a768d6e1cd1be866f43
2024-08-29 09:19:24,714 *** Listening on home-meghabothe-python-frappe-frappe-bench:short, home-meghabothe-python-frappe-frappe-bench:default, home-meghabothe-python-frappe-frappe-bench:long...
2024-08-29 09:19:24,715 Cleaning registries for queue: home-meghabothe-python-frappe-frappe-bench:short
2024-08-29 09:19:24,716 Cleaning registries for queue: home-meghabothe-python-frappe-frappe-bench:default
2024-08-29 09:19:24,716 Cleaning registries for queue: home-meghabothe-python-frappe-frappe-bench:long
2024-08-29 09:31:56,317 home-meghabothe-python-frappe-frappe-bench:default: frappe.utils.background_jobs.execute_job(event=None, is_async=True, job_name='frappe.core.doctype.user.user.create_contact', kwargs={'user': <User: meghabothe996@gmail.com>, 'ignore_mandatory': True}, method='frappe.core.doctype.user.user.create_contact', site='appointments.local', user='Administrator') (appointments.local::a8baecf9-aea4-4f8e-a19a-cff5c69d76c8)
2024-08-29 09:31:57,389 home-meghabothe-python-frappe-frappe-bench:default: Job OK (appointments.local::a8baecf9-aea4-4f8e-a19a-cff5c69d76c8)
2024-08-29 09:31:57,389 Result is kept for 600 seconds
2024-08-29 09:31:57,395 Cleaning registries for queue: home-meghabothe-python-frappe-frappe-bench:short
2024-08-29 09:31:57,395 Cleaning registries for queue: home-meghabothe-python-frappe-frappe-bench:default
2024-08-29 09:31:57,396 Cleaning registries for queue: home-meghabothe-python-frappe-frappe-bench:long
2024-08-29 09:31:57,397 home-meghabothe-python-frappe-frappe-bench:default: frappe.utils.background_jobs.execute_job(event=None, is_async=True, job_name='frappe.core.doctype.user.user.update_gravatar', kwargs={'name': 'meghabothe996@gmail.com'}, method='frappe.core.doctype.user.user.update_gravatar', site='appointments.local', user='Administrator') (appointments.local::07ccb3c0-192e-45a1-b9e3-8d4c6c3dcfd3)
2024-08-29 09:31:57,808 home-meghabothe-python-frappe-frappe-bench:default: Job OK (appointments.local::07ccb3c0-192e-45a1-b9e3-8d4c6c3dcfd3)
2024-08-29 09:31:57,808 Result is kept for 600 seconds
2024-08-29 09:34:00,321 home-meghabothe-python-frappe-frappe-bench:default: frappe.utils.background_jobs.execute_job(event=None, is_async=True, job_name='frappe.core.doctype.scheduled_job_type.scheduled_job_type.run_scheduled_jo..., kwargs={'job_type': 'frappe.email.doctype.email_account.email_account.notify_unrep..., method='frappe.core.doctype.scheduled_job_type.scheduled_job_type.run_scheduled_jo..., site='appointments.local', user='Administrator') (appointments.local::scheduled_job::ukifetekia)
2024-08-29 09:34:00,639 home-meghabothe-python-frappe-frappe-bench:default: Job OK (appointments.local::scheduled_job::ukifetekia)
2024-08-29 09:34:00,639 Result is kept for 600 seconds
2024-08-29 09:34:00,643 home-meghabothe-python-frappe-frappe-bench:default: frappe.utils.background_jobs.execute_job(event=None, is_async=True, job_name='frappe.core.doctype.scheduled_job_type.scheduled_job_type.run_scheduled_jo..., kwargs={'job_type': 'frappe.monitor.flush', 'scheduled_job_type': 'ukiff30brn'}, method='frappe.core.doctype.scheduled_job_type.scheduled_job_type.run_scheduled_jo..., site='appointments.local', user='Administrator') (appointments.local::scheduled_job::ukiff30brn)
2024-08-29 09:34:00,936 home-meghabothe-python-frappe-frappe-bench:default: Job OK (appointments.local::scheduled_job::ukiff30brn)
2024-08-29 09:34:00,936 Result is kept for 600 seconds
2024-08-29 09:34:00,941 home-meghabothe-python-frappe-frappe-bench:default: frappe.utils.background_jobs.execute_job(event=None, is_async=True, job_name='frappe.core.doctype.scheduled_job_type.scheduled_job_type.run_scheduled_jo..., kwargs={'job_type': 'frappe.email.doctype.email_account.email_account.pull', 'sche..., method='frappe.core.doctype.scheduled_job_type.scheduled_job_type.run_scheduled_jo..., site='appointments.local', user='Administrator') (appointments.local::scheduled_job::ukifgrjaa3)
2024-08-29 09:34:01,262 home-meghabothe-python-frappe-frappe-bench:default: Job OK (appointments.local::scheduled_job::ukifgrjaa3)
2024-08-29 09:34:01,262 Result is kept for 600 seconds
2024-08-29 09:34:01,269 home-meghabothe-python-frappe-frappe-bench:default: frappe.utils.background_jobs.execute_job(event=None, is_async=True, job_name='frappe.core.doctype.scheduled_job_type.scheduled_job_type.run_scheduled_jo..., kwargs={'job_type': 'frappe.twofactor.delete_all_barcodes_for_users', 'scheduled_j..., method='frappe.core.doctype.scheduled_job_type.scheduled_job_type.run_scheduled_jo..., site='appointments.local', user='Administrator') (appointments.local::scheduled_job::ukifonrntt)
2024-08-29 09:34:01,598 home-meghabothe-python-frappe-frappe-bench:default: Job OK (appointments.local::scheduled_job::ukifonrntt)
2024-08-29 09:34:01,598 Result is kept for 600 seconds
2024-08-29 09:34:01,604 home-meghabothe-python-frappe-frappe-bench:default: frappe.utils.background_jobs.execute_job(event=None, is_async=True, job_name='frappe.core.doctype.scheduled_job_type.scheduled_job_type.run_scheduled_jo..., kwargs={'job_type': 'frappe.oauth.delete_oauth2_data', 'scheduled_job_type': 'ukif..., method='frappe.core.doctype.scheduled_job_type.scheduled_job_type.run_scheduled_jo..., site='appointments.local', user='Administrator') (appointments.local::scheduled_job::ukifmcmj0e)
2024-08-29 09:34:01,947 home-meghabothe-python-frappe-frappe-bench:default: Job OK (appointments.local::scheduled_job::ukifmcmj0e)
2024-08-29 09:34:01,947 Result is kept for 600 seconds
2024-08-29 09:34:01,954 home-meghabothe-python-frappe-frappe-bench:default: frappe.utils.background_jobs.execute_job(event=None, is_async=True, job_name='frappe.core.doctype.scheduled_job_type.scheduled_job_type.run_scheduled_jo..., kwargs={'job_type': 'frappe.email.queue.flush', 'scheduled_job_type': 'ukifvioiop'..., method='frappe.core.doctype.scheduled_job_type.scheduled_job_type.run_scheduled_jo..., site='appointments.local', user='Administrator') (appointments.local::scheduled_job::ukifvioiop)
2024-08-29 09:34:02,357 home-meghabothe-python-frappe-frappe-bench:default: Job OK (appointments.local::scheduled_job::ukifvioiop)
2024-08-29 09:34:02,357 Result is kept for 600 seconds
2024-08-29 09:34:02,362 home-meghabothe-python-frappe-frappe-bench:default: frappe.utils.background_jobs.execute_job(event=None, is_async=True, job_name='frappe.core.doctype.scheduled_job_type.scheduled_job_type.run_scheduled_jo..., kwargs={'job_type': 'frappe.core.doctype.prepared_report.prepared_report.expire_st..., method='frappe.core.doctype.scheduled_job_type.scheduled_job_type.run_scheduled_jo..., site='appointments.local', user='Administrator') (appointments.local::scheduled_job::ukifpj1qcd)
2024-08-29 09:34:02,666 home-meghabothe-python-frappe-frappe-bench:default: Job OK (appointments.local::scheduled_job::ukifpj1qcd)
2024-08-29 09:34:02,666 Result is kept for 600 seconds
2024-08-29 09:34:02,671 home-meghabothe-python-frappe-frappe-bench:default: frappe.utils.background_jobs.execute_job(event=None, is_async=True, job_name='frappe.core.doctype.scheduled_job_type.scheduled_job_type.run_scheduled_jo..., kwargs={'job_type': 'frappe.deferred_insert.save_to_db', 'scheduled_job_type': 'uk..., method='frappe.core.doctype.scheduled_job_type.scheduled_job_type.run_scheduled_jo..., site='appointments.local', user='Administrator') (appointments.local::scheduled_job::ukifpjbo7p)
2024-08-29 09:34:03,057 home-meghabothe-python-frappe-frappe-bench:default: Job OK (appointments.local::scheduled_job::ukifpjbo7p)
2024-08-29 09:34:03,057 Result is kept for 600 seconds
2024-08-29 09:34:03,062 home-meghabothe-python-frappe-frappe-bench:default: frappe.utils.background_jobs.execute_job(event=None, is_async=True, job_name='frappe.core.doctype.scheduled_job_type.scheduled_job_type.run_scheduled_jo..., kwargs={'job_type': 'frappe.utils.global_search.sync_global_search', 'scheduled_jo..., method='frappe.core.doctype.scheduled_job_type.scheduled_job_type.run_scheduled_jo..., site='appointments.local', user='Administrator') (appointments.local::scheduled_job::ukifi7l5e2)
2024-08-29 09:34:03,374 home-meghabothe-python-frappe-frappe-bench:default: Job OK (appointments.local::scheduled_job::ukifi7l5e2)
2024-08-29 09:34:03,374 Result is kept for 600 seconds
2024-08-29 09:34:03,379 home-meghabothe-python-frappe-frappe-bench:default: frappe.utils.background_jobs.execute_job(event=None, is_async=True, job_name='frappe.core.doctype.scheduled_job_type.scheduled_job_type.run_scheduled_jo..., kwargs={'job_type': 'frappe.automation.doctype.reminder.reminder.send_reminders', ..., method='frappe.core.doctype.scheduled_job_type.scheduled_job_type.run_scheduled_jo..., site='appointments.local', user='Administrator') (appointments.local::scheduled_job::ukif0i64kc)
2024-08-29 09:34:03,710 home-meghabothe-python-frappe-frappe-bench:default: Job OK (appointments.local::scheduled_job::ukif0i64kc)
2024-08-29 09:34:03,710 Result is kept for 600 seconds
2024-08-29 09:34:03,718 home-meghabothe-python-frappe-frappe-bench:default: frappe.utils.background_jobs.execute_job(event=None, is_async=True, job_name='frappe.core.doctype.scheduled_job_type.scheduled_job_type.run_scheduled_jo..., kwargs={'job_type': 'frappe.website.doctype.web_page.web_page.check_publish_status..., method='frappe.core.doctype.scheduled_job_type.scheduled_job_type.run_scheduled_jo..., site='appointments.local', user='Administrator') (appointments.local::scheduled_job::ukifaj1t5t)
2024-08-29 09:34:04,097 home-meghabothe-python-frappe-frappe-bench:default: Job OK (appointments.local::scheduled_job::ukifaj1t5t)
2024-08-29 09:34:04,098 Result is kept for 600 seconds
2024-08-29 09:38:00,454 home-meghabothe-python-frappe-frappe-bench:default: frappe.utils.background_jobs.execute_job(event=None, is_async=True, job_name='frappe.core.doctype.scheduled_job_type.scheduled_job_type.run_scheduled_jo..., kwargs={'job_type': 'frappe.email.queue.flush', 'scheduled_job_type': 'ukifvioiop'..., method='frappe.core.doctype.scheduled_job_type.scheduled_job_type.run_scheduled_jo..., site='appointments.local', user='Administrator') (appointments.local::scheduled_job::ukifvioiop)
2024-08-29 09:38:00,791 home-meghabothe-python-frappe-frappe-bench:default: Job OK (appointments.local::scheduled_job::ukifvioiop)
2024-08-29 09:38:00,792 Result is kept for 600 seconds
2024-08-29 09:38:00,796 home-meghabothe-python-frappe-frappe-bench:default: frappe.utils.background_jobs.execute_job(event=None, is_async=True, job_name='frappe.core.doctype.scheduled_job_type.scheduled_job_type.run_scheduled_jo..., kwargs={'job_type': 'frappe.monitor.flush', 'scheduled_job_type': 'ukiff30brn'}, method='frappe.core.doctype.scheduled_job_type.scheduled_job_type.run_scheduled_jo..., site='appointments.local', user='Administrator') (appointments.local::scheduled_job::ukiff30brn)
2024-08-29 09:38:01,082 home-meghabothe-python-frappe-frappe-bench:default: Job OK (appointments.local::scheduled_job::ukiff30brn)
2024-08-29 09:38:01,082 Result is kept for 600 seconds
2024-08-29 09:38:01,086 home-meghabothe-python-frappe-frappe-bench:default: frappe.utils.background_jobs.execute_job(event=None, is_async=True, job_name='frappe.core.doctype.scheduled_job_type.scheduled_job_type.run_scheduled_jo..., kwargs={'job_type': 'frappe.automation.doctype.reminder.reminder.send_reminders', ..., method='frappe.core.doctype.scheduled_job_type.scheduled_job_type.run_scheduled_jo..., site='appointments.local', user='Administrator') (appointments.local::scheduled_job::ukif0i64kc)
2024-08-29 09:38:01,373 home-meghabothe-python-frappe-frappe-bench:default: Job OK (appointments.local::scheduled_job::ukif0i64kc)
2024-08-29 09:38:01,373 Result is kept for 600 seconds
2024-08-29 09:42:00,571 home-meghabothe-python-frappe-frappe-bench:default: frappe.utils.background_jobs.execute_job(event=None, is_async=True, job_name='frappe.core.doctype.scheduled_job_type.scheduled_job_type.run_scheduled_jo..., kwargs={'job_type': 'frappe.email.queue.flush', 'scheduled_job_type': 'ukifvioiop'..., method='frappe.core.doctype.scheduled_job_type.scheduled_job_type.run_scheduled_jo..., site='appointments.local', user='Administrator') (appointments.local::scheduled_job::ukifvioiop)
2024-08-29 09:42:01,047 home-meghabothe-python-frappe-frappe-bench:default: Job OK (appointments.local::scheduled_job::ukifvioiop)
2024-08-29 09:42:01,047 Result is kept for 600 seconds
2024-08-29 09:42:01,052 Cleaning registries for queue: home-meghabothe-python-frappe-frappe-bench:short
2024-08-29 09:42:01,053 Cleaning registries for queue: home-meghabothe-python-frappe-frappe-bench:default
2024-08-29 09:42:01,054 Cleaning registries for queue: home-meghabothe-python-frappe-frappe-bench:long
2024-08-29 09:42:01,056 home-meghabothe-python-frappe-frappe-bench:default: frappe.utils.background_jobs.execute_job(event=None, is_async=True, job_name='frappe.core.doctype.scheduled_job_type.scheduled_job_type.run_scheduled_jo..., kwargs={'job_type': 'frappe.automation.doctype.reminder.reminder.send_reminders', ..., method='frappe.core.doctype.scheduled_job_type.scheduled_job_type.run_scheduled_jo..., site='appointments.local', user='Administrator') (appointments.local::scheduled_job::ukif0i64kc)
2024-08-29 09:42:01,373 home-meghabothe-python-frappe-frappe-bench:default: Job OK (appointments.local::scheduled_job::ukif0i64kc)
2024-08-29 09:42:01,373 Result is kept for 600 seconds
2024-08-29 09:42:01,380 home-meghabothe-python-frappe-frappe-bench:default: frappe.utils.background_jobs.execute_job(event=None, is_async=True, job_name='frappe.core.doctype.scheduled_job_type.scheduled_job_type.run_scheduled_jo..., kwargs={'job_type': 'frappe.email.doctype.email_account.email_account.pull', 'sche..., method='frappe.core.doctype.scheduled_job_type.scheduled_job_type.run_scheduled_jo..., site='appointments.local', user='Administrator') (appointments.local::scheduled_job::ukifgrjaa3)
2024-08-29 09:42:01,702 home-meghabothe-python-frappe-frappe-bench:default: Job OK (appointments.local::scheduled_job::ukifgrjaa3)
2024-08-29 09:42:01,702 Result is kept for 600 seconds
2024-08-29 09:42:01,710 home-meghabothe-python-frappe-frappe-bench:default: frappe.utils.background_jobs.execute_job(event=None, is_async=True, job_name='frappe.core.doctype.scheduled_job_type.scheduled_job_type.run_scheduled_jo..., kwargs={'job_type': 'frappe.monitor.flush', 'scheduled_job_type': 'ukiff30brn'}, method='frappe.core.doctype.scheduled_job_type.scheduled_job_type.run_scheduled_jo..., site='appointments.local', user='Administrator') (appointments.local::scheduled_job::ukiff30brn)
2024-08-29 09:42:02,044 home-meghabothe-python-frappe-frappe-bench:default: Job OK (appointments.local::scheduled_job::ukiff30brn)
2024-08-29 09:42:02,044 Result is kept for 600 seconds
2024-08-29 09:46:00,735 home-meghabothe-python-frappe-frappe-bench:default: frappe.utils.background_jobs.execute_job(event=None, is_async=True, job_name='frappe.core.doctype.scheduled_job_type.scheduled_job_type.run_scheduled_jo..., kwargs={'job_type': 'frappe.oauth.delete_oauth2_data', 'scheduled_job_type': 'ukif..., method='frappe.core.doctype.scheduled_job_type.scheduled_job_type.run_scheduled_jo..., site='appointments.local', user='Administrator') (appointments.local::scheduled_job::ukifmcmj0e)
2024-08-29 09:46:01,043 home-meghabothe-python-frappe-frappe-bench:default: Job OK (appointments.local::scheduled_job::ukifmcmj0e)
2024-08-29 09:46:01,043 Result is kept for 600 seconds
2024-08-29 09:46:01,049 home-meghabothe-python-frappe-frappe-bench:default: frappe.utils.background_jobs.execute_job(event=None, is_async=True, job_name='frappe.core.doctype.scheduled_job_type.scheduled_job_type.run_scheduled_jo..., kwargs={'job_type': 'frappe.utils.global_search.sync_global_search', 'scheduled_jo..., method='frappe.core.doctype.scheduled_job_type.scheduled_job_type.run_scheduled_jo..., site='appointments.local', user='Administrator') (appointments.local::scheduled_job::ukifi7l5e2)
2024-08-29 09:46:01,342 home-meghabothe-python-frappe-frappe-bench:default: Job OK (appointments.local::scheduled_job::ukifi7l5e2)
2024-08-29 09:46:01,342 Result is kept for 600 seconds
2024-08-29 09:46:01,346 home-meghabothe-python-frappe-frappe-bench:default: frappe.utils.background_jobs.execute_job(event=None, is_async=True, job_name='frappe.core.doctype.scheduled_job_type.scheduled_job_type.run_scheduled_jo..., kwargs={'job_type': 'frappe.automation.doctype.reminder.reminder.send_reminders', ..., method='frappe.core.doctype.scheduled_job_type.scheduled_job_type.run_scheduled_jo..., site='appointments.local', user='Administrator') (appointments.local::scheduled_job::ukif0i64kc)
2024-08-29 09:46:01,629 home-meghabothe-python-frappe-frappe-bench:default: Job OK (appointments.local::scheduled_job::ukif0i64kc)
2024-08-29 09:46:01,629 Result is kept for 600 seconds
2024-08-29 09:46:01,633 home-meghabothe-python-frappe-frappe-bench:default: frappe.utils.background_jobs.execute_job(event=None, is_async=True, job_name='frappe.core.doctype.scheduled_job_type.scheduled_job_type.run_scheduled_jo..., kwargs={'job_type': 'frappe.monitor.flush', 'scheduled_job_type': 'ukiff30brn'}, method='frappe.core.doctype.scheduled_job_type.scheduled_job_type.run_scheduled_jo..., site='appointments.local', user='Administrator') (appointments.local::scheduled_job::ukiff30brn)
2024-08-29 09:46:01,890 home-meghabothe-python-frappe-frappe-bench:default: Job OK (appointments.local::scheduled_job::ukiff30brn)
2024-08-29 09:46:01,890 Result is kept for 600 seconds
2024-08-29 09:46:01,896 home-meghabothe-python-frappe-frappe-bench:default: frappe.utils.background_jobs.execute_job(event=None, is_async=True, job_name='frappe.core.doctype.scheduled_job_type.scheduled_job_type.run_scheduled_jo..., kwargs={'job_type': 'frappe.deferred_insert.save_to_db', 'scheduled_job_type': 'uk..., method='frappe.core.doctype.scheduled_job_type.scheduled_job_type.run_scheduled_jo..., site='appointments.local', user='Administrator') (appointments.local::scheduled_job::ukifpjbo7p)
2024-08-29 09:46:02,200 home-meghabothe-python-frappe-frappe-bench:default: Job OK (appointments.local::scheduled_job::ukifpjbo7p)
2024-08-29 09:46:02,200 Result is kept for 600 seconds
2024-08-29 09:46:02,204 home-meghabothe-python-frappe-frappe-bench:default: frappe.utils.background_jobs.execute_job(event=None, is_async=True, job_name='frappe.core.doctype.scheduled_job_type.scheduled_job_type.run_scheduled_jo..., kwargs={'job_type': 'frappe.website.doctype.web_page.web_page.check_publish_status..., method='frappe.core.doctype.scheduled_job_type.scheduled_job_type.run_scheduled_jo..., site='appointments.local', user='Administrator') (appointments.local::scheduled_job::ukifaj1t5t)
2024-08-29 09:46:02,509 home-meghabothe-python-frappe-frappe-bench:default: Job OK (appointments.local::scheduled_job::ukifaj1t5t)
2024-08-29 09:46:02,509 Result is kept for 600 seconds
2024-08-29 09:46:02,514 home-meghabothe-python-frappe-frappe-bench:default: frappe.utils.background_jobs.execute_job(event=None, is_async=True, job_name='frappe.core.doctype.scheduled_job_type.scheduled_job_type.run_scheduled_jo..., kwargs={'job_type': 'frappe.twofactor.delete_all_barcodes_for_users', 'scheduled_j..., method='frappe.core.doctype.scheduled_job_type.scheduled_job_type.run_scheduled_jo..., site='appointments.local', user='Administrator') (appointments.local::scheduled_job::ukifonrntt)
2024-08-29 09:46:02,784 home-meghabothe-python-frappe-frappe-bench:default: Job OK (appointments.local::scheduled_job::ukifonrntt)
2024-08-29 09:46:02,784 Result is kept for 600 seconds
2024-08-29 09:46:02,788 home-meghabothe-python-frappe-frappe-bench:default: frappe.utils.background_jobs.execute_job(event=None, is_async=True, job_name='frappe.core.doctype.scheduled_job_type.scheduled_job_type.run_scheduled_jo..., kwargs={'job_type': 'frappe.email.queue.flush', 'scheduled_job_type': 'ukifvioiop'..., method='frappe.core.doctype.scheduled_job_type.scheduled_job_type.run_scheduled_jo..., site='appointments.local', user='Administrator') (appointments.local::scheduled_job::ukifvioiop)
2024-08-29 09:46:03,119 home-meghabothe-python-frappe-frappe-bench:default: Job OK (appointments.local::scheduled_job::ukifvioiop)
2024-08-29 09:46:03,120 Result is kept for 600 seconds
2024-08-29 09:46:03,124 home-meghabothe-python-frappe-frappe-bench:default: frappe.utils.background_jobs.execute_job(event=None, is_async=True, job_name='frappe.core.doctype.scheduled_job_type.scheduled_job_type.run_scheduled_jo..., kwargs={'job_type': 'frappe.email.doctype.email_account.email_account.notify_unrep..., method='frappe.core.doctype.scheduled_job_type.scheduled_job_type.run_scheduled_jo..., site='appointments.local', user='Administrator') (appointments.local::scheduled_job::ukifetekia)
2024-08-29 09:46:03,399 home-meghabothe-python-frappe-frappe-bench:default: Job OK (appointments.local::scheduled_job::ukifetekia)
2024-08-29 09:46:03,399 Result is kept for 600 seconds
2024-08-29 09:50:00,876 home-meghabothe-python-frappe-frappe-bench:default: frappe.utils.background_jobs.execute_job(event=None, is_async=True, job_name='frappe.core.doctype.scheduled_job_type.scheduled_job_type.run_scheduled_jo..., kwargs={'job_type': 'frappe.email.doctype.email_account.email_account.pull', 'sche..., method='frappe.core.doctype.scheduled_job_type.scheduled_job_type.run_scheduled_jo..., site='appointments.local', user='Administrator') (appointments.local::scheduled_job::ukifgrjaa3)
2024-08-29 09:50:01,179 home-meghabothe-python-frappe-frappe-bench:default: Job OK (appointments.local::scheduled_job::ukifgrjaa3)
2024-08-29 09:50:01,179 Result is kept for 600 seconds
2024-08-29 09:50:01,184 home-meghabothe-python-frappe-frappe-bench:default: frappe.utils.background_jobs.execute_job(event=None, is_async=True, job_name='frappe.core.doctype.scheduled_job_type.scheduled_job_type.run_scheduled_jo..., kwargs={'job_type': 'frappe.automation.doctype.reminder.reminder.send_reminders', ..., method='frappe.core.doctype.scheduled_job_type.scheduled_job_type.run_scheduled_jo..., site='appointments.local', user='Administrator') (appointments.local::scheduled_job::ukif0i64kc)
2024-08-29 09:50:01,451 home-meghabothe-python-frappe-frappe-bench:default: Job OK (appointments.local::scheduled_job::ukif0i64kc)
2024-08-29 09:50:01,451 Result is kept for 600 seconds
2024-08-29 09:50:01,455 home-meghabothe-python-frappe-frappe-bench:default: frappe.utils.background_jobs.execute_job(event=None, is_async=True, job_name='frappe.core.doctype.scheduled_job_type.scheduled_job_type.run_scheduled_jo..., kwargs={'job_type': 'frappe.email.queue.flush', 'scheduled_job_type': 'ukifvioiop'..., method='frappe.core.doctype.scheduled_job_type.scheduled_job_type.run_scheduled_jo..., site='appointments.local', user='Administrator') (appointments.local::scheduled_job::ukifvioiop)
2024-08-29 09:50:01,779 home-meghabothe-python-frappe-frappe-bench:default: Job OK (appointments.local::scheduled_job::ukifvioiop)
2024-08-29 09:50:01,779 Result is kept for 600 seconds
2024-08-29 09:50:01,784 home-meghabothe-python-frappe-frappe-bench:default: frappe.utils.background_jobs.execute_job(event=None, is_async=True, job_name='frappe.core.doctype.scheduled_job_type.scheduled_job_type.run_scheduled_jo..., kwargs={'job_type': 'frappe.monitor.flush', 'scheduled_job_type': 'ukiff30brn'}, method='frappe.core.doctype.scheduled_job_type.scheduled_job_type.run_scheduled_jo..., site='appointments.local', user='Administrator') (appointments.local::scheduled_job::ukiff30brn)
2024-08-29 09:50:02,066 home-meghabothe-python-frappe-frappe-bench:default: Job OK (appointments.local::scheduled_job::ukiff30brn)
2024-08-29 09:50:02,066 Result is kept for 600 seconds
2024-08-29 09:54:00,968 home-meghabothe-python-frappe-frappe-bench:default: frappe.utils.background_jobs.execute_job(event=None, is_async=True, job_name='frappe.core.doctype.scheduled_job_type.scheduled_job_type.run_scheduled_jo..., kwargs={'job_type': 'frappe.email.queue.flush', 'scheduled_job_type': 'ukifvioiop'..., method='frappe.core.doctype.scheduled_job_type.scheduled_job_type.run_scheduled_jo..., site='appointments.local', user='Administrator') (appointments.local::scheduled_job::ukifvioiop)
2024-08-29 09:54:01,350 home-meghabothe-python-frappe-frappe-bench:default: Job OK (appointments.local::scheduled_job::ukifvioiop)
2024-08-29 09:54:01,351 Result is kept for 600 seconds
2024-08-29 09:54:01,358 Cleaning registries for queue: home-meghabothe-python-frappe-frappe-bench:short
2024-08-29 09:54:01,358 Cleaning registries for queue: home-meghabothe-python-frappe-frappe-bench:default
2024-08-29 09:54:01,359 Cleaning registries for queue: home-meghabothe-python-frappe-frappe-bench:long
2024-08-29 09:54:01,360 home-meghabothe-python-frappe-frappe-bench:default: frappe.utils.background_jobs.execute_job(event=None, is_async=True, job_name='frappe.core.doctype.scheduled_job_type.scheduled_job_type.run_scheduled_jo..., kwargs={'job_type': 'frappe.automation.doctype.reminder.reminder.send_reminders', ..., method='frappe.core.doctype.scheduled_job_type.scheduled_job_type.run_scheduled_jo..., site='appointments.local', user='Administrator') (appointments.local::scheduled_job::ukif0i64kc)
2024-08-29 09:54:01,699 home-meghabothe-python-frappe-frappe-bench:default: Job OK (appointments.local::scheduled_job::ukif0i64kc)
2024-08-29 09:54:01,700 Result is kept for 600 seconds
2024-08-29 09:54:01,705 home-meghabothe-python-frappe-frappe-bench:default: frappe.utils.background_jobs.execute_job(event=None, is_async=True, job_name='frappe.core.doctype.scheduled_job_type.scheduled_job_type.run_scheduled_jo..., kwargs={'job_type': 'frappe.monitor.flush', 'scheduled_job_type': 'ukiff30brn'}, method='frappe.core.doctype.scheduled_job_type.scheduled_job_type.run_scheduled_jo..., site='appointments.local', user='Administrator') (appointments.local::scheduled_job::ukiff30brn)
2024-08-29 09:54:02,098 home-meghabothe-python-frappe-frappe-bench:default: Job OK (appointments.local::scheduled_job::ukiff30brn)
2024-08-29 09:54:02,098 Result is kept for 600 seconds
2024-08-29 09:58:00,034 home-meghabothe-python-frappe-frappe-bench:default: frappe.utils.background_jobs.execute_job(event=None, is_async=True, job_name='frappe.core.doctype.scheduled_job_type.scheduled_job_type.run_scheduled_jo..., kwargs={'job_type': 'frappe.automation.doctype.reminder.reminder.send_reminders', ..., method='frappe.core.doctype.scheduled_job_type.scheduled_job_type.run_scheduled_jo..., site='appointments.local', user='Administrator') (appointments.local::scheduled_job::ukif0i64kc)
2024-08-29 09:58:00,335 home-meghabothe-python-frappe-frappe-bench:default: Job OK (appointments.local::scheduled_job::ukif0i64kc)
2024-08-29 09:58:00,336 Result is kept for 600 seconds
2024-08-29 09:58:00,341 home-meghabothe-python-frappe-frappe-bench:default: frappe.utils.background_jobs.execute_job(event=None, is_async=True, job_name='frappe.core.doctype.scheduled_job_type.scheduled_job_type.run_scheduled_jo..., kwargs={'job_type': 'frappe.monitor.flush', 'scheduled_job_type': 'ukiff30brn'}, method='frappe.core.doctype.scheduled_job_type.scheduled_job_type.run_scheduled_jo..., site='appointments.local', user='Administrator') (appointments.local::scheduled_job::ukiff30brn)
2024-08-29 09:58:00,637 home-meghabothe-python-frappe-frappe-bench:default: Job OK (appointments.local::scheduled_job::ukiff30brn)
2024-08-29 09:58:00,637 Result is kept for 600 seconds
2024-08-29 09:58:00,642 home-meghabothe-python-frappe-frappe-bench:default: frappe.utils.background_jobs.execute_job(event=None, is_async=True, job_name='frappe.core.doctype.scheduled_job_type.scheduled_job_type.run_scheduled_jo..., kwargs={'job_type': 'frappe.email.queue.flush', 'scheduled_job_type': 'ukifvioiop'..., method='frappe.core.doctype.scheduled_job_type.scheduled_job_type.run_scheduled_jo..., site='appointments.local', user='Administrator') (appointments.local::scheduled_job::ukifvioiop)
2024-08-29 09:58:01,025 home-meghabothe-python-frappe-frappe-bench:default: Job OK (appointments.local::scheduled_job::ukifvioiop)
2024-08-29 09:58:01,025 Result is kept for 600 seconds
2024-08-29 10:02:00,152 home-meghabothe-python-frappe-frappe-bench:default: frappe.utils.background_jobs.execute_job(event=None, is_async=True, job_name='frappe.core.doctype.scheduled_job_type.scheduled_job_type.run_scheduled_jo..., kwargs={'job_type': 'frappe.desk.form.document_follow.send_hourly_updates', 'sched..., method='frappe.core.doctype.scheduled_job_type.scheduled_job_type.run_scheduled_jo..., site='appointments.local', user='Administrator') (appointments.local::scheduled_job::ukif4o2sgv)
2024-08-29 10:02:00,471 home-meghabothe-python-frappe-frappe-bench:default: Job OK (appointments.local::scheduled_job::ukif4o2sgv)
2024-08-29 10:02:00,471 Result is kept for 600 seconds
2024-08-29 10:02:00,476 home-meghabothe-python-frappe-frappe-bench:default: frappe.utils.background_jobs.execute_job(event=None, is_async=True, job_name='frappe.core.doctype.scheduled_job_type.scheduled_job_type.run_scheduled_jo..., kwargs={'job_type': 'frappe.automation.doctype.reminder.reminder.send_reminders', ..., method='frappe.core.doctype.scheduled_job_type.scheduled_job_type.run_scheduled_jo..., site='appointments.local', user='Administrator') (appointments.local::scheduled_job::ukif0i64kc)
2024-08-29 10:02:00,748 home-meghabothe-python-frappe-frappe-bench:default: Job OK (appointments.local::scheduled_job::ukif0i64kc)
2024-08-29 10:02:00,748 Result is kept for 600 seconds
2024-08-29 10:02:00,753 home-meghabothe-python-frappe-frappe-bench:default: frappe.utils.background_jobs.execute_job(event=None, is_async=True, job_name='frappe.core.doctype.scheduled_job_type.scheduled_job_type.run_scheduled_jo..., kwargs={'job_type': 'frappe.oauth.delete_oauth2_data', 'scheduled_job_type': 'ukif..., method='frappe.core.doctype.scheduled_job_type.scheduled_job_type.run_scheduled_jo..., site='appointments.local', user='Administrator') (appointments.local::scheduled_job::ukifmcmj0e)
2024-08-29 10:02:01,034 home-meghabothe-python-frappe-frappe-bench:default: Job OK (appointments.local::scheduled_job::ukifmcmj0e)
2024-08-29 10:02:01,034 Result is kept for 600 seconds
2024-08-29 10:02:01,038 home-meghabothe-python-frappe-frappe-bench:default: frappe.utils.background_jobs.execute_job(event=None, is_async=True, job_name='frappe.core.doctype.scheduled_job_type.scheduled_job_type.run_scheduled_jo..., kwargs={'job_type': 'frappe.website.doctype.web_page.web_page.check_publish_status..., method='frappe.core.doctype.scheduled_job_type.scheduled_job_type.run_scheduled_jo..., site='appointments.local', user='Administrator') (appointments.local::scheduled_job::ukifaj1t5t)
2024-08-29 10:02:01,403 home-meghabothe-python-frappe-frappe-bench:default: Job OK (appointments.local::scheduled_job::ukifaj1t5t)
2024-08-29 10:02:01,403 Result is kept for 600 seconds
2024-08-29 10:02:01,409 home-meghabothe-python-frappe-frappe-bench:default: frappe.utils.background_jobs.execute_job(event=None, is_async=True, job_name='frappe.core.doctype.scheduled_job_type.scheduled_job_type.run_scheduled_jo..., kwargs={'job_type': 'frappe.twofactor.delete_all_barcodes_for_users', 'scheduled_j..., method='frappe.core.doctype.scheduled_job_type.scheduled_job_type.run_scheduled_jo..., site='appointments.local', user='Administrator') (appointments.local::scheduled_job::ukifonrntt)
2024-08-29 10:02:01,684 home-meghabothe-python-frappe-frappe-bench:default: Job OK (appointments.local::scheduled_job::ukifonrntt)
2024-08-29 10:02:01,684 Result is kept for 600 seconds
2024-08-29 10:02:01,689 home-meghabothe-python-frappe-frappe-bench:default: frappe.utils.background_jobs.execute_job(event=None, is_async=True, job_name='frappe.core.doctype.scheduled_job_type.scheduled_job_type.run_scheduled_jo..., kwargs={'job_type': 'frappe.email.doctype.email_account.email_account.notify_unrep..., method='frappe.core.doctype.scheduled_job_type.scheduled_job_type.run_scheduled_jo..., site='appointments.local', user='Administrator') (appointments.local::scheduled_job::ukifetekia)
2024-08-29 10:02:01,971 home-meghabothe-python-frappe-frappe-bench:default: Job OK (appointments.local::scheduled_job::ukifetekia)
2024-08-29 10:02:01,971 Result is kept for 600 seconds
2024-08-29 10:02:01,976 home-meghabothe-python-frappe-frappe-bench:default: frappe.utils.background_jobs.execute_job(event=None, is_async=True, job_name='frappe.core.doctype.scheduled_job_type.scheduled_job_type.run_scheduled_jo..., kwargs={'job_type': 'frappe.monitor.flush', 'scheduled_job_type': 'ukiff30brn'}, method='frappe.core.doctype.scheduled_job_type.scheduled_job_type.run_scheduled_jo..., site='appointments.local', user='Administrator') (appointments.local::scheduled_job::ukiff30brn)
2024-08-29 10:02:02,265 home-meghabothe-python-frappe-frappe-bench:default: Job OK (appointments.local::scheduled_job::ukiff30brn)
2024-08-29 10:02:02,266 Result is kept for 600 seconds
2024-08-29 10:02:02,271 home-meghabothe-python-frappe-frappe-bench:default: frappe.utils.background_jobs.execute_job(event=None, is_async=True, job_name='frappe.core.doctype.scheduled_job_type.scheduled_job_type.run_scheduled_jo..., kwargs={'job_type': 'frappe.integrations.doctype.google_calendar.google_calendar.s..., method='frappe.core.doctype.scheduled_job_type.scheduled_job_type.run_scheduled_jo..., site='appointments.local', user='Administrator') (appointments.local::scheduled_job::ukifefjdea)
2024-08-29 10:02:02,715 home-meghabothe-python-frappe-frappe-bench:default: Job OK (appointments.local::scheduled_job::ukifefjdea)
2024-08-29 10:02:02,715 Result is kept for 600 seconds
2024-08-29 10:02:02,720 home-meghabothe-python-frappe-frappe-bench:default: frappe.utils.background_jobs.execute_job(event=None, is_async=True, job_name='frappe.core.doctype.scheduled_job_type.scheduled_job_type.run_scheduled_jo..., kwargs={'job_type': 'frappe.deferred_insert.save_to_db', 'scheduled_job_type': 'uk..., method='frappe.core.doctype.scheduled_job_type.scheduled_job_type.run_scheduled_jo..., site='appointments.local', user='Administrator') (appointments.local::scheduled_job::ukifpjbo7p)
2024-08-29 10:02:02,991 home-meghabothe-python-frappe-frappe-bench:default: Job OK (appointments.local::scheduled_job::ukifpjbo7p)
2024-08-29 10:02:02,991 Result is kept for 600 seconds
2024-08-29 10:02:02,997 home-meghabothe-python-frappe-frappe-bench:default: frappe.utils.background_jobs.execute_job(event=None, is_async=True, job_name='frappe.core.doctype.scheduled_job_type.scheduled_job_type.run_scheduled_jo..., kwargs={'job_type': 'frappe.model.utils.link_count.update_link_count', 'scheduled_..., method='frappe.core.doctype.scheduled_job_type.scheduled_job_type.run_scheduled_jo..., site='appointments.local', user='Administrator') (appointments.local::scheduled_job::ukifgjn9k1)
2024-08-29 10:02:03,280 home-meghabothe-python-frappe-frappe-bench:default: Job OK (appointments.local::scheduled_job::ukifgjn9k1)
2024-08-29 10:02:03,280 Result is kept for 600 seconds
2024-08-29 10:02:03,284 home-meghabothe-python-frappe-frappe-bench:default: frappe.utils.background_jobs.execute_job(event=None, is_async=True, job_name='frappe.core.doctype.scheduled_job_type.scheduled_job_type.run_scheduled_jo..., kwargs={'job_type': 'frappe.utils.global_search.sync_global_search', 'scheduled_jo..., method='frappe.core.doctype.scheduled_job_type.scheduled_job_type.run_scheduled_jo..., site='appointments.local', user='Administrator') (appointments.local::scheduled_job::ukifi7l5e2)
2024-08-29 10:02:03,580 home-meghabothe-python-frappe-frappe-bench:default: Job OK (appointments.local::scheduled_job::ukifi7l5e2)
2024-08-29 10:02:03,580 Result is kept for 600 seconds
2024-08-29 10:02:03,585 home-meghabothe-python-frappe-frappe-bench:default: frappe.utils.background_jobs.execute_job(event=None, is_async=True, job_name='frappe.core.doctype.scheduled_job_type.scheduled_job_type.run_scheduled_jo..., kwargs={'job_type': 'frappe.website.doctype.personal_data_deletion_request.persona..., method='frappe.core.doctype.scheduled_job_type.scheduled_job_type.run_scheduled_jo..., site='appointments.local', user='Administrator') (appointments.local::scheduled_job::ukif7vkff3)
2024-08-29 10:02:03,912 home-meghabothe-python-frappe-frappe-bench:default: Job OK (appointments.local::scheduled_job::ukif7vkff3)
2024-08-29 10:02:03,912 Result is kept for 600 seconds
2024-08-29 10:02:03,917 home-meghabothe-python-frappe-frappe-bench:default: frappe.utils.background_jobs.execute_job(event=None, is_async=True, job_name='frappe.core.doctype.scheduled_job_type.scheduled_job_type.run_scheduled_jo..., kwargs={'job_type': 'frappe.email.doctype.email_account.email_account.pull', 'sche..., method='frappe.core.doctype.scheduled_job_type.scheduled_job_type.run_scheduled_jo..., site='appointments.local', user='Administrator') (appointments.local::scheduled_job::ukifgrjaa3)
2024-08-29 10:02:04,238 home-meghabothe-python-frappe-frappe-bench:default: Job OK (appointments.local::scheduled_job::ukifgrjaa3)
2024-08-29 10:02:04,238 Result is kept for 600 seconds
2024-08-29 10:02:04,245 home-meghabothe-python-frappe-frappe-bench:default: frappe.utils.background_jobs.execute_job(event=None, is_async=True, job_name='frappe.core.doctype.scheduled_job_type.scheduled_job_type.run_scheduled_jo..., kwargs={'job_type': 'frappe.email.queue.flush', 'scheduled_job_type': 'ukifvioiop'..., method='frappe.core.doctype.scheduled_job_type.scheduled_job_type.run_scheduled_jo..., site='appointments.local', user='Administrator') (appointments.local::scheduled_job::ukifvioiop)
2024-08-29 10:02:04,587 home-meghabothe-python-frappe-frappe-bench:default: Job OK (appointments.local::scheduled_job::ukifvioiop)
2024-08-29 10:02:04,587 Result is kept for 600 seconds
2024-08-29 10:02:04,594 home-meghabothe-python-frappe-frappe-bench:default: frappe.utils.background_jobs.execute_job(event=None, is_async=True, job_name='frappe.core.doctype.scheduled_job_type.scheduled_job_type.run_scheduled_jo..., kwargs={'job_type': 'frappe.desk.page.backups.backups.delete_downloadable_backups'..., method='frappe.core.doctype.scheduled_job_type.scheduled_job_type.run_scheduled_jo..., site='appointments.local', user='Administrator') (appointments.local::scheduled_job::ukifh1d123)
2024-08-29 10:02:04,909 home-meghabothe-python-frappe-frappe-bench:default: Job OK (appointments.local::scheduled_job::ukifh1d123)
2024-08-29 10:02:04,909 Result is kept for 600 seconds
2024-08-29 10:02:04,915 home-meghabothe-python-frappe-frappe-bench:default: frappe.utils.background_jobs.execute_job(event=None, is_async=True, job_name='frappe.core.doctype.scheduled_job_type.scheduled_job_type.run_scheduled_jo..., kwargs={'job_type': 'frappe.model.utils.user_settings.sync_user_settings', 'schedu..., method='frappe.core.doctype.scheduled_job_type.scheduled_job_type.run_scheduled_jo..., site='appointments.local', user='Administrator') (appointments.local::scheduled_job::ukifnfvacb)
2024-08-29 10:02:05,228 home-meghabothe-python-frappe-frappe-bench:default: Job OK (appointments.local::scheduled_job::ukifnfvacb)
2024-08-29 10:02:05,228 Result is kept for 600 seconds
2024-08-29 10:02:05,233 home-meghabothe-python-frappe-frappe-bench:default: frappe.utils.background_jobs.execute_job(event=None, is_async=True, job_name='frappe.core.doctype.scheduled_job_type.scheduled_job_type.run_scheduled_jo..., kwargs={'job_type': 'frappe.email.doctype.newsletter.newsletter.send_scheduled_ema..., method='frappe.core.doctype.scheduled_job_type.scheduled_job_type.run_scheduled_jo..., site='appointments.local', user='Administrator') (appointments.local::scheduled_job::ukif9i63m4)
2024-08-29 10:02:05,626 home-meghabothe-python-frappe-frappe-bench:default: Job OK (appointments.local::scheduled_job::ukif9i63m4)
2024-08-29 10:02:05,626 Result is kept for 600 seconds
2024-08-29 12:20:08,095 Worker rq:worker:1663ba5632eb41498f513dbcf0345183 started with PID 4150, version 1.16.2
2024-08-29 12:20:08,095 Subscribing to channel rq:pubsub:1663ba5632eb41498f513dbcf0345183
2024-08-29 12:20:08,096 *** Listening on home-meghabothe-python-frappe-frappe-bench:short, home-meghabothe-python-frappe-frappe-bench:default, home-meghabothe-python-frappe-frappe-bench:long...
2024-08-29 12:20:08,096 Cleaning registries for queue: home-meghabothe-python-frappe-frappe-bench:short
2024-08-29 12:20:08,097 Cleaning registries for queue: home-meghabothe-python-frappe-frappe-bench:default
2024-08-29 12:20:08,105 Cleaning registries for queue: home-meghabothe-python-frappe-frappe-bench:long
2024-08-29 12:20:08,106 home-meghabothe-python-frappe-frappe-bench:default: frappe.utils.background_jobs.execute_job(event=None, is_async=True, job_name='frappe.core.doctype.scheduled_job_type.scheduled_job_type.run_scheduled_jo..., kwargs={'job_type': 'frappe.utils.global_search.sync_global_search', 'scheduled_jo..., method='frappe.core.doctype.scheduled_job_type.scheduled_job_type.run_scheduled_jo..., site='appointments.local', user='Administrator') (appointments.local::scheduled_job::ukifi7l5e2)
2024-08-29 12:20:08,626 home-meghabothe-python-frappe-frappe-bench:default: Job OK (appointments.local::scheduled_job::ukifi7l5e2)
2024-08-29 12:20:08,626 Result is kept for 600 seconds
2024-08-29 12:20:08,630 home-meghabothe-python-frappe-frappe-bench:default: frappe.utils.background_jobs.execute_job(event=None, is_async=True, job_name='frappe.core.doctype.scheduled_job_type.scheduled_job_type.run_scheduled_jo..., kwargs={'job_type': 'frappe.website.doctype.personal_data_deletion_request.persona..., method='frappe.core.doctype.scheduled_job_type.scheduled_job_type.run_scheduled_jo..., site='appointments.local', user='Administrator') (appointments.local::scheduled_job::ukif7vkff3)
2024-08-29 12:20:09,168 home-meghabothe-python-frappe-frappe-bench:default: Job OK (appointments.local::scheduled_job::ukif7vkff3)
2024-08-29 12:20:09,168 Result is kept for 600 seconds
2024-08-29 12:20:09,172 home-meghabothe-python-frappe-frappe-bench:default: frappe.utils.background_jobs.execute_job(event=None, is_async=True, job_name='frappe.core.doctype.scheduled_job_type.scheduled_job_type.run_scheduled_jo..., kwargs={'job_type': 'frappe.email.doctype.email_account.email_account.pull', 'sche..., method='frappe.core.doctype.scheduled_job_type.scheduled_job_type.run_scheduled_jo..., site='appointments.local', user='Administrator') (appointments.local::scheduled_job::ukifgrjaa3)
2024-08-29 12:20:09,484 home-meghabothe-python-frappe-frappe-bench:default: Job OK (appointments.local::scheduled_job::ukifgrjaa3)
2024-08-29 12:20:09,484 Result is kept for 600 seconds
2024-08-29 12:20:09,488 home-meghabothe-python-frappe-frappe-bench:default: frappe.utils.background_jobs.execute_job(event=None, is_async=True, job_name='frappe.core.doctype.scheduled_job_type.scheduled_job_type.run_scheduled_jo..., kwargs={'job_type': 'frappe.desk.page.backups.backups.delete_downloadable_backups'..., method='frappe.core.doctype.scheduled_job_type.scheduled_job_type.run_scheduled_jo..., site='appointments.local', user='Administrator') (appointments.local::scheduled_job::ukifh1d123)
2024-08-29 12:20:09,783 home-meghabothe-python-frappe-frappe-bench:default: Job OK (appointments.local::scheduled_job::ukifh1d123)
2024-08-29 12:20:09,783 Result is kept for 600 seconds
2024-08-29 12:20:09,787 home-meghabothe-python-frappe-frappe-bench:default: frappe.utils.background_jobs.execute_job(event=None, is_async=True, job_name='frappe.core.doctype.scheduled_job_type.scheduled_job_type.run_scheduled_jo..., kwargs={'job_type': 'frappe.model.utils.user_settings.sync_user_settings', 'schedu..., method='frappe.core.doctype.scheduled_job_type.scheduled_job_type.run_scheduled_jo..., site='appointments.local', user='Administrator') (appointments.local::scheduled_job::ukifnfvacb)
2024-08-29 12:20:10,163 home-meghabothe-python-frappe-frappe-bench:default: Job OK (appointments.local::scheduled_job::ukifnfvacb)
2024-08-29 12:20:10,164 Result is kept for 600 seconds
2024-08-29 12:20:10,167 home-meghabothe-python-frappe-frappe-bench:default: frappe.utils.background_jobs.execute_job(event=None, is_async=True, job_name='frappe.core.doctype.scheduled_job_type.scheduled_job_type.run_scheduled_jo..., kwargs={'job_type': 'frappe.email.doctype.newsletter.newsletter.send_scheduled_ema..., method='frappe.core.doctype.scheduled_job_type.scheduled_job_type.run_scheduled_jo..., site='appointments.local', user='Administrator') (appointments.local::scheduled_job::ukif9i63m4)
2024-08-29 12:20:10,517 home-meghabothe-python-frappe-frappe-bench:default: Job OK (appointments.local::scheduled_job::ukif9i63m4)
2024-08-29 12:20:10,517 Result is kept for 600 seconds
2024-08-29 12:22:00,746 home-meghabothe-python-frappe-frappe-bench:default: frappe.utils.background_jobs.execute_job(event=None, is_async=True, job_name='frappe.core.doctype.scheduled_job_type.scheduled_job_type.run_scheduled_jo..., kwargs={'job_type': 'frappe.deferred_insert.save_to_db', 'scheduled_job_type': 'uk..., method='frappe.core.doctype.scheduled_job_type.scheduled_job_type.run_scheduled_jo..., site='appointments.local', user='Administrator') (appointments.local::scheduled_job::ukifpjbo7p)
2024-08-29 12:22:01,076 home-meghabothe-python-frappe-frappe-bench:default: Job OK (appointments.local::scheduled_job::ukifpjbo7p)
2024-08-29 12:22:01,077 Result is kept for 600 seconds
2024-08-29 12:22:01,081 home-meghabothe-python-frappe-frappe-bench:default: frappe.utils.background_jobs.execute_job(event=None, is_async=True, job_name='frappe.core.doctype.scheduled_job_type.scheduled_job_type.run_scheduled_jo..., kwargs={'job_type': 'frappe.automation.doctype.reminder.reminder.send_reminders', ..., method='frappe.core.doctype.scheduled_job_type.scheduled_job_type.run_scheduled_jo..., site='appointments.local', user='Administrator') (appointments.local::scheduled_job::ukif0i64kc)
2024-08-29 12:22:01,384 home-meghabothe-python-frappe-frappe-bench:default: Job OK (appointments.local::scheduled_job::ukif0i64kc)
2024-08-29 12:22:01,384 Result is kept for 600 seconds
2024-08-29 12:22:01,388 home-meghabothe-python-frappe-frappe-bench:default: frappe.utils.background_jobs.execute_job(event=None, is_async=True, job_name='frappe.core.doctype.scheduled_job_type.scheduled_job_type.run_scheduled_jo..., kwargs={'job_type': 'frappe.integrations.doctype.google_calendar.google_calendar.s..., method='frappe.core.doctype.scheduled_job_type.scheduled_job_type.run_scheduled_jo..., site='appointments.local', user='Administrator') (appointments.local::scheduled_job::ukifefjdea)
2024-08-29 12:22:01,874 home-meghabothe-python-frappe-frappe-bench:default: Job OK (appointments.local::scheduled_job::ukifefjdea)
2024-08-29 12:22:01,874 Result is kept for 600 seconds
2024-08-29 12:22:01,878 home-meghabothe-python-frappe-frappe-bench:default: frappe.utils.background_jobs.execute_job(event=None, is_async=True, job_name='frappe.core.doctype.scheduled_job_type.scheduled_job_type.run_scheduled_jo..., kwargs={'job_type': 'frappe.monitor.flush', 'scheduled_job_type': 'ukiff30brn'}, method='frappe.core.doctype.scheduled_job_type.scheduled_job_type.run_scheduled_jo..., site='appointments.local', user='Administrator') (appointments.local::scheduled_job::ukiff30brn)
2024-08-29 12:22:02,130 home-meghabothe-python-frappe-frappe-bench:default: Job OK (appointments.local::scheduled_job::ukiff30brn)
2024-08-29 12:22:02,130 Result is kept for 600 seconds
2024-08-29 12:22:02,134 home-meghabothe-python-frappe-frappe-bench:default: frappe.utils.background_jobs.execute_job(event=None, is_async=True, job_name='frappe.core.doctype.scheduled_job_type.scheduled_job_type.run_scheduled_jo..., kwargs={'job_type': 'frappe.website.doctype.web_page.web_page.check_publish_status..., method='frappe.core.doctype.scheduled_job_type.scheduled_job_type.run_scheduled_jo..., site='appointments.local', user='Administrator') (appointments.local::scheduled_job::ukifaj1t5t)
2024-08-29 12:22:02,514 home-meghabothe-python-frappe-frappe-bench:default: Job OK (appointments.local::scheduled_job::ukifaj1t5t)
2024-08-29 12:22:02,514 Result is kept for 600 seconds
2024-08-29 12:22:02,519 home-meghabothe-python-frappe-frappe-bench:default: frappe.utils.background_jobs.execute_job(event=None, is_async=True, job_name='frappe.core.doctype.scheduled_job_type.scheduled_job_type.run_scheduled_jo..., kwargs={'job_type': 'frappe.desk.form.document_follow.send_hourly_updates', 'sched..., method='frappe.core.doctype.scheduled_job_type.scheduled_job_type.run_scheduled_jo..., site='appointments.local', user='Administrator') (appointments.local::scheduled_job::ukif4o2sgv)
2024-08-29 12:22:02,809 home-meghabothe-python-frappe-frappe-bench:default: Job OK (appointments.local::scheduled_job::ukif4o2sgv)
2024-08-29 12:22:02,809 Result is kept for 600 seconds
2024-08-29 12:22:02,814 home-meghabothe-python-frappe-frappe-bench:default: frappe.utils.background_jobs.execute_job(event=None, is_async=True, job_name='frappe.core.doctype.scheduled_job_type.scheduled_job_type.run_scheduled_jo..., kwargs={'job_type': 'frappe.twofactor.delete_all_barcodes_for_users', 'scheduled_j..., method='frappe.core.doctype.scheduled_job_type.scheduled_job_type.run_scheduled_jo..., site='appointments.local', user='Administrator') (appointments.local::scheduled_job::ukifonrntt)
2024-08-29 12:22:03,086 home-meghabothe-python-frappe-frappe-bench:default: Job OK (appointments.local::scheduled_job::ukifonrntt)
2024-08-29 12:22:03,086 Result is kept for 600 seconds
2024-08-29 12:22:03,090 home-meghabothe-python-frappe-frappe-bench:default: frappe.utils.background_jobs.execute_job(event=None, is_async=True, job_name='frappe.core.doctype.scheduled_job_type.scheduled_job_type.run_scheduled_jo..., kwargs={'job_type': 'frappe.email.queue.flush', 'scheduled_job_type': 'ukifvioiop'..., method='frappe.core.doctype.scheduled_job_type.scheduled_job_type.run_scheduled_jo..., site='appointments.local', user='Administrator') (appointments.local::scheduled_job::ukifvioiop)
2024-08-29 12:22:03,438 home-meghabothe-python-frappe-frappe-bench:default: Job OK (appointments.local::scheduled_job::ukifvioiop)
2024-08-29 12:22:03,438 Result is kept for 600 seconds
2024-08-29 12:22:03,442 home-meghabothe-python-frappe-frappe-bench:default: frappe.utils.background_jobs.execute_job(event=None, is_async=True, job_name='frappe.core.doctype.scheduled_job_type.scheduled_job_type.run_scheduled_jo..., kwargs={'job_type': 'frappe.model.utils.link_count.update_link_count', 'scheduled_..., method='frappe.core.doctype.scheduled_job_type.scheduled_job_type.run_scheduled_jo..., site='appointments.local', user='Administrator') (appointments.local::scheduled_job::ukifgjn9k1)
2024-08-29 12:22:03,734 home-meghabothe-python-frappe-frappe-bench:default: Job OK (appointments.local::scheduled_job::ukifgjn9k1)
2024-08-29 12:22:03,734 Result is kept for 600 seconds
2024-08-29 12:22:03,738 home-meghabothe-python-frappe-frappe-bench:default: frappe.utils.background_jobs.execute_job(event=None, is_async=True, job_name='frappe.core.doctype.scheduled_job_type.scheduled_job_type.run_scheduled_jo..., kwargs={'job_type': 'frappe.email.doctype.email_account.email_account.notify_unrep..., method='frappe.core.doctype.scheduled_job_type.scheduled_job_type.run_scheduled_jo..., site='appointments.local', user='Administrator') (appointments.local::scheduled_job::ukifetekia)
2024-08-29 12:22:04,052 home-meghabothe-python-frappe-frappe-bench:default: Job OK (appointments.local::scheduled_job::ukifetekia)
2024-08-29 12:22:04,052 Result is kept for 600 seconds
2024-08-29 12:22:04,056 home-meghabothe-python-frappe-frappe-bench:default: frappe.utils.background_jobs.execute_job(event=None, is_async=True, job_name='frappe.core.doctype.scheduled_job_type.scheduled_job_type.run_scheduled_jo..., kwargs={'job_type': 'frappe.core.doctype.prepared_report.prepared_report.expire_st..., method='frappe.core.doctype.scheduled_job_type.scheduled_job_type.run_scheduled_jo..., site='appointments.local', user='Administrator') (appointments.local::scheduled_job::ukifpj1qcd)
2024-08-29 12:22:04,337 home-meghabothe-python-frappe-frappe-bench:default: Job OK (appointments.local::scheduled_job::ukifpj1qcd)
2024-08-29 12:22:04,337 Result is kept for 600 seconds
2024-08-29 12:22:04,341 home-meghabothe-python-frappe-frappe-bench:default: frappe.utils.background_jobs.execute_job(event=None, is_async=True, job_name='frappe.core.doctype.scheduled_job_type.scheduled_job_type.run_scheduled_jo..., kwargs={'job_type': 'frappe.oauth.delete_oauth2_data', 'scheduled_job_type': 'ukif..., method='frappe.core.doctype.scheduled_job_type.scheduled_job_type.run_scheduled_jo..., site='appointments.local', user='Administrator') (appointments.local::scheduled_job::ukifmcmj0e)
2024-08-29 12:22:04,636 home-meghabothe-python-frappe-frappe-bench:default: Job OK (appointments.local::scheduled_job::ukifmcmj0e)
2024-08-29 12:22:04,636 Result is kept for 600 seconds
2024-08-29 12:26:00,864 home-meghabothe-python-frappe-frappe-bench:default: frappe.utils.background_jobs.execute_job(event=None, is_async=True, job_name='frappe.core.doctype.scheduled_job_type.scheduled_job_type.run_scheduled_jo..., kwargs={'job_type': 'frappe.automation.doctype.reminder.reminder.send_reminders', ..., method='frappe.core.doctype.scheduled_job_type.scheduled_job_type.run_scheduled_jo..., site='appointments.local', user='Administrator') (appointments.local::scheduled_job::ukif0i64kc)
2024-08-29 12:26:01,165 home-meghabothe-python-frappe-frappe-bench:default: Job OK (appointments.local::scheduled_job::ukif0i64kc)
2024-08-29 12:26:01,165 Result is kept for 600 seconds
2024-08-29 12:26:01,169 home-meghabothe-python-frappe-frappe-bench:default: frappe.utils.background_jobs.execute_job(event=None, is_async=True, job_name='frappe.core.doctype.scheduled_job_type.scheduled_job_type.run_scheduled_jo..., kwargs={'job_type': 'frappe.email.queue.flush', 'scheduled_job_type': 'ukifvioiop'..., method='frappe.core.doctype.scheduled_job_type.scheduled_job_type.run_scheduled_jo..., site='appointments.local', user='Administrator') (appointments.local::scheduled_job::ukifvioiop)
2024-08-29 12:26:01,496 home-meghabothe-python-frappe-frappe-bench:default: Job OK (appointments.local::scheduled_job::ukifvioiop)
2024-08-29 12:26:01,496 Result is kept for 600 seconds
2024-08-29 12:26:01,500 home-meghabothe-python-frappe-frappe-bench:default: frappe.utils.background_jobs.execute_job(event=None, is_async=True, job_name='frappe.core.doctype.scheduled_job_type.scheduled_job_type.run_scheduled_jo..., kwargs={'job_type': 'frappe.monitor.flush', 'scheduled_job_type': 'ukiff30brn'}, method='frappe.core.doctype.scheduled_job_type.scheduled_job_type.run_scheduled_jo..., site='appointments.local', user='Administrator') (appointments.local::scheduled_job::ukiff30brn)
2024-08-29 12:26:01,757 home-meghabothe-python-frappe-frappe-bench:default: Job OK (appointments.local::scheduled_job::ukiff30brn)
2024-08-29 12:26:01,757 Result is kept for 600 seconds
2024-08-29 12:30:00,989 home-meghabothe-python-frappe-frappe-bench:default: frappe.utils.background_jobs.execute_job(event=None, is_async=True, job_name='frappe.core.doctype.scheduled_job_type.scheduled_job_type.run_scheduled_jo..., kwargs={'job_type': 'frappe.automation.doctype.reminder.reminder.send_reminders', ..., method='frappe.core.doctype.scheduled_job_type.scheduled_job_type.run_scheduled_jo..., site='appointments.local', user='Administrator') (appointments.local::scheduled_job::ukif0i64kc)
2024-08-29 12:30:01,389 home-meghabothe-python-frappe-frappe-bench:default: Job OK (appointments.local::scheduled_job::ukif0i64kc)
2024-08-29 12:30:01,389 Result is kept for 600 seconds
2024-08-29 12:30:01,393 home-meghabothe-python-frappe-frappe-bench:default: frappe.utils.background_jobs.execute_job(event=None, is_async=True, job_name='frappe.core.doctype.scheduled_job_type.scheduled_job_type.run_scheduled_jo..., kwargs={'job_type': 'frappe.utils.global_search.sync_global_search', 'scheduled_jo..., method='frappe.core.doctype.scheduled_job_type.scheduled_job_type.run_scheduled_jo..., site='appointments.local', user='Administrator') (appointments.local::scheduled_job::ukifi7l5e2)
2024-08-29 12:30:01,717 home-meghabothe-python-frappe-frappe-bench:default: Job OK (appointments.local::scheduled_job::ukifi7l5e2)
2024-08-29 12:30:01,717 Result is kept for 600 seconds
2024-08-29 12:30:01,721 home-meghabothe-python-frappe-frappe-bench:default: frappe.utils.background_jobs.execute_job(event=None, is_async=True, job_name='frappe.core.doctype.scheduled_job_type.scheduled_job_type.run_scheduled_jo..., kwargs={'job_type': 'frappe.email.queue.flush', 'scheduled_job_type': 'ukifvioiop'..., method='frappe.core.doctype.scheduled_job_type.scheduled_job_type.run_scheduled_jo..., site='appointments.local', user='Administrator') (appointments.local::scheduled_job::ukifvioiop)
2024-08-29 12:30:02,091 home-meghabothe-python-frappe-frappe-bench:default: Job OK (appointments.local::scheduled_job::ukifvioiop)
2024-08-29 12:30:02,092 Result is kept for 600 seconds
2024-08-29 12:30:02,096 home-meghabothe-python-frappe-frappe-bench:default: frappe.utils.background_jobs.execute_job(event=None, is_async=True, job_name='frappe.core.doctype.scheduled_job_type.scheduled_job_type.run_scheduled_jo..., kwargs={'job_type': 'frappe.core.doctype.prepared_report.prepared_report.expire_st..., method='frappe.core.doctype.scheduled_job_type.scheduled_job_type.run_scheduled_jo..., site='appointments.local', user='Administrator') (appointments.local::scheduled_job::ukifpj1qcd)
2024-08-29 12:30:02,388 home-meghabothe-python-frappe-frappe-bench:default: Job OK (appointments.local::scheduled_job::ukifpj1qcd)
2024-08-29 12:30:02,388 Result is kept for 600 seconds
2024-08-29 12:30:02,393 home-meghabothe-python-frappe-frappe-bench:default: frappe.utils.background_jobs.execute_job(event=None, is_async=True, job_name='frappe.core.doctype.scheduled_job_type.scheduled_job_type.run_scheduled_jo..., kwargs={'job_type': 'frappe.deferred_insert.save_to_db', 'scheduled_job_type': 'uk..., method='frappe.core.doctype.scheduled_job_type.scheduled_job_type.run_scheduled_jo..., site='appointments.local', user='Administrator') (appointments.local::scheduled_job::ukifpjbo7p)
2024-08-29 12:30:02,729 home-meghabothe-python-frappe-frappe-bench:default: Job OK (appointments.local::scheduled_job::ukifpjbo7p)
2024-08-29 12:30:02,729 Result is kept for 600 seconds
2024-08-29 12:30:02,734 home-meghabothe-python-frappe-frappe-bench:default: frappe.utils.background_jobs.execute_job(event=None, is_async=True, job_name='frappe.core.doctype.scheduled_job_type.scheduled_job_type.run_scheduled_jo..., kwargs={'job_type': 'frappe.email.doctype.email_account.email_account.notify_unrep..., method='frappe.core.doctype.scheduled_job_type.scheduled_job_type.run_scheduled_jo..., site='appointments.local', user='Administrator') (appointments.local::scheduled_job::ukifetekia)
2024-08-29 12:30:03,156 home-meghabothe-python-frappe-frappe-bench:default: Job OK (appointments.local::scheduled_job::ukifetekia)
2024-08-29 12:30:03,156 Result is kept for 600 seconds
2024-08-29 12:30:03,160 home-meghabothe-python-frappe-frappe-bench:default: frappe.utils.background_jobs.execute_job(event=None, is_async=True, job_name='frappe.core.doctype.scheduled_job_type.scheduled_job_type.run_scheduled_jo..., kwargs={'job_type': 'frappe.oauth.delete_oauth2_data', 'scheduled_job_type': 'ukif..., method='frappe.core.doctype.scheduled_job_type.scheduled_job_type.run_scheduled_jo..., site='appointments.local', user='Administrator') (appointments.local::scheduled_job::ukifmcmj0e)
2024-08-29 12:30:03,480 home-meghabothe-python-frappe-frappe-bench:default: Job OK (appointments.local::scheduled_job::ukifmcmj0e)
2024-08-29 12:30:03,480 Result is kept for 600 seconds
2024-08-29 12:30:03,484 home-meghabothe-python-frappe-frappe-bench:default: frappe.utils.background_jobs.execute_job(event=None, is_async=True, job_name='frappe.core.doctype.scheduled_job_type.scheduled_job_type.run_scheduled_jo..., kwargs={'job_type': 'frappe.website.doctype.web_page.web_page.check_publish_status..., method='frappe.core.doctype.scheduled_job_type.scheduled_job_type.run_scheduled_jo..., site='appointments.local', user='Administrator') (appointments.local::scheduled_job::ukifaj1t5t)
2024-08-29 12:30:03,889 home-meghabothe-python-frappe-frappe-bench:default: Job OK (appointments.local::scheduled_job::ukifaj1t5t)
2024-08-29 12:30:03,889 Result is kept for 600 seconds
2024-08-29 12:30:03,894 home-meghabothe-python-frappe-frappe-bench:default: frappe.utils.background_jobs.execute_job(event=None, is_async=True, job_name='frappe.core.doctype.scheduled_job_type.scheduled_job_type.run_scheduled_jo..., kwargs={'job_type': 'frappe.email.doctype.email_account.email_account.pull', 'sche..., method='frappe.core.doctype.scheduled_job_type.scheduled_job_type.run_scheduled_jo..., site='appointments.local', user='Administrator') (appointments.local::scheduled_job::ukifgrjaa3)
2024-08-29 12:30:04,205 home-meghabothe-python-frappe-frappe-bench:default: Job OK (appointments.local::scheduled_job::ukifgrjaa3)
2024-08-29 12:30:04,205 Result is kept for 600 seconds
2024-08-29 12:30:04,210 home-meghabothe-python-frappe-frappe-bench:default: frappe.utils.background_jobs.execute_job(event=None, is_async=True, job_name='frappe.core.doctype.scheduled_job_type.scheduled_job_type.run_scheduled_jo..., kwargs={'job_type': 'frappe.monitor.flush', 'scheduled_job_type': 'ukiff30brn'}, method='frappe.core.doctype.scheduled_job_type.scheduled_job_type.run_scheduled_jo..., site='appointments.local', user='Administrator') (appointments.local::scheduled_job::ukiff30brn)
2024-08-29 12:30:04,544 home-meghabothe-python-frappe-frappe-bench:default: Job OK (appointments.local::scheduled_job::ukiff30brn)
2024-08-29 12:30:04,544 Result is kept for 600 seconds
2024-08-29 12:30:04,550 home-meghabothe-python-frappe-frappe-bench:default: frappe.utils.background_jobs.execute_job(event=None, is_async=True, job_name='frappe.core.doctype.scheduled_job_type.scheduled_job_type.run_scheduled_jo..., kwargs={'job_type': 'frappe.twofactor.delete_all_barcodes_for_users', 'scheduled_j..., method='frappe.core.doctype.scheduled_job_type.scheduled_job_type.run_scheduled_jo..., site='appointments.local', user='Administrator') (appointments.local::scheduled_job::ukifonrntt)
2024-08-29 12:30:04,888 home-meghabothe-python-frappe-frappe-bench:default: Job OK (appointments.local::scheduled_job::ukifonrntt)
2024-08-29 12:30:04,888 Result is kept for 600 seconds
2024-08-29 12:34:00,163 home-meghabothe-python-frappe-frappe-bench:default: frappe.utils.background_jobs.execute_job(event=None, is_async=True, job_name='frappe.core.doctype.scheduled_job_type.scheduled_job_type.run_scheduled_jo..., kwargs={'job_type': 'frappe.automation.doctype.reminder.reminder.send_reminders', ..., method='frappe.core.doctype.scheduled_job_type.scheduled_job_type.run_scheduled_jo..., site='appointments.local', user='Administrator') (appointments.local::scheduled_job::ukif0i64kc)
2024-08-29 12:34:00,487 home-meghabothe-python-frappe-frappe-bench:default: Job OK (appointments.local::scheduled_job::ukif0i64kc)
2024-08-29 12:34:00,487 Result is kept for 600 seconds
2024-08-29 12:34:00,493 Cleaning registries for queue: home-meghabothe-python-frappe-frappe-bench:short
2024-08-29 12:34:00,494 Cleaning registries for queue: home-meghabothe-python-frappe-frappe-bench:default
2024-08-29 12:34:00,494 Cleaning registries for queue: home-meghabothe-python-frappe-frappe-bench:long
2024-08-29 12:34:00,495 home-meghabothe-python-frappe-frappe-bench:default: frappe.utils.background_jobs.execute_job(event=None, is_async=True, job_name='frappe.core.doctype.scheduled_job_type.scheduled_job_type.run_scheduled_jo..., kwargs={'job_type': 'frappe.monitor.flush', 'scheduled_job_type': 'ukiff30brn'}, method='frappe.core.doctype.scheduled_job_type.scheduled_job_type.run_scheduled_jo..., site='appointments.local', user='Administrator') (appointments.local::scheduled_job::ukiff30brn)
2024-08-29 12:34:00,788 home-meghabothe-python-frappe-frappe-bench:default: Job OK (appointments.local::scheduled_job::ukiff30brn)
2024-08-29 12:34:00,788 Result is kept for 600 seconds
2024-08-29 12:34:00,793 home-meghabothe-python-frappe-frappe-bench:default: frappe.utils.background_jobs.execute_job(event=None, is_async=True, job_name='frappe.core.doctype.scheduled_job_type.scheduled_job_type.run_scheduled_jo..., kwargs={'job_type': 'frappe.email.queue.flush', 'scheduled_job_type': 'ukifvioiop'..., method='frappe.core.doctype.scheduled_job_type.scheduled_job_type.run_scheduled_jo..., site='appointments.local', user='Administrator') (appointments.local::scheduled_job::ukifvioiop)
2024-08-29 12:34:01,146 home-meghabothe-python-frappe-frappe-bench:default: Job OK (appointments.local::scheduled_job::ukifvioiop)
2024-08-29 12:34:01,146 Result is kept for 600 seconds
